<?xml version="1.0" encoding="UTF-8"?>
<!-- Generated by org.testng.reporters.JUnitReportReporter -->
<testsuite hostname="DESKTOP-75NGIO8" name="com.testing.experta.NewTest" tests="1" failures="0" timestamp="7 Aug 2020 16:43:00 GMT" time="0.105" errors="0">
  <testcase name="f" time="0.105" classname="com.testing.experta.NewTest"/>
</testsuite> <!-- com.testing.experta.NewTest -->
