<?xml version="1.0" encoding="UTF-8"?>
<!-- Generated by org.testng.reporters.JUnitReportReporter -->
<testsuite hostname="DESKTOP-75NGIO8" name="com.testing.experta.testCases.TC_CheckText_Servicios_001" tests="1" failures="0" timestamp="10 Aug 2020 09:51:40 GMT" time="2.085" errors="0">
  <testcase name="checkServicios" time="2.085" classname="com.testing.experta.testCases.TC_CheckText_Servicios_001"/>
</testsuite> <!-- com.testing.experta.testCases.TC_CheckText_Servicios_001 -->
