<?xml version="1.0" encoding="UTF-8"?>
<!-- Generated by org.testng.reporters.JUnitReportReporter -->
<testsuite hostname="DESKTOP-75NGIO8" name="com.testing.experta.testCases.TC_CheckText_Productores_001" tests="1" failures="0" timestamp="11 Aug 2020 17:55:44 GMT" time="1.415" errors="0">
  <testcase name="checkProductores" time="1.415" classname="com.testing.experta.testCases.TC_CheckText_Productores_001"/>
</testsuite> <!-- com.testing.experta.testCases.TC_CheckText_Productores_001 -->
